<?xml version="1.0" encoding="UTF-8"?>
<testsuite name="com.harmonytune.backend.checkChord.domain.service.ConvertToDigreeTest" tests="3" skipped="0" failures="0" errors="0" timestamp="2025-02-07T07:32:38" hostname="RyoToneagwanoMacBook-Air.local" time="0.006">
  <properties/>
  <testcase name="剰余1の場合1_5に変換()" classname="com.harmonytune.backend.checkChord.domain.service.ConvertToDigreeTest" time="0.003"/>
  <testcase name="Cメジャー以外のキーを指定するとエラーを返す()" classname="com.harmonytune.backend.checkChord.domain.service.ConvertToDigreeTest" time="0.002"/>
  <testcase name="剰余０の場合１に変換()" classname="com.harmonytune.backend.checkChord.domain.service.ConvertToDigreeTest" time="0.0"/>
  <system-out><![CDATA[note: 6 : mod12: 6 : degree: 4.5
note: 7 : mod12: 7 : degree: 5.0
note: 8 : mod12: 8 : degree: 5.5
note: 9 : mod12: 9 : degree: 6.0
note: 10 : mod12: 10 : degree: 6.5
note: 11 : mod12: 11 : degree: 7.0
note: 0 : mod12: 0 : degree: 1.0
note: 1 : mod12: 1 : degree: 1.5
note: 2 : mod12: 2 : degree: 2.0
note: 3 : mod12: 3 : degree: 2.5
note: 4 : mod12: 4 : degree: 3.0
note: 5 : mod12: 5 : degree: 4.0
]]></system-out>
  <system-err><![CDATA[]]></system-err>
</testsuite>
