<?xml version="1.0" encoding="UTF-8"?>
<testsuite name="com.harmonytune.backend.HarmonyTuneBackendApplicationTests" tests="1" skipped="0" failures="0" errors="0" timestamp="2025-02-07T07:32:37" hostname="RyoToneagwanoMacBook-Air.local" time="0.282">
  <properties/>
  <testcase name="contextLoads()" classname="com.harmonytune.backend.HarmonyTuneBackendApplicationTests" time="0.282"/>
  <system-out><![CDATA[16:32:36.930 [Test worker] INFO org.springframework.test.context.support.AnnotationConfigContextLoaderUtils -- Could not detect default configuration classes for test class [com.harmonytune.backend.HarmonyTuneBackendApplicationTests]: HarmonyTuneBackendApplicationTests does not declare any static, non-private, non-final, nested classes annotated with @Configuration.
16:32:36.976 [Test worker] INFO org.springframework.boot.test.context.SpringBootTestContextBootstrapper -- Found @SpringBootConfiguration com.harmonytune.backend.HarmonyTuneBackendApplication for test class com.harmonytune.backend.HarmonyTuneBackendApplicationTests

  .   ____          _            __ _ _
 /\\ / ___'_ __ _ _(_)_ __  __ _ \ \ \ \
( ( )\___ | '_ | '_| | '_ \/ _` | \ \ \ \
 \\/  ___)| |_)| | | | | || (_| |  ) ) ) )
  '  |____| .__|_| |_|_| |_\__, | / / / /
 =========|_|==============|___/=/_/_/_/

 :: Spring Boot ::                (v3.4.2)

2025-02-07T16:32:37.098+09:00  INFO 15884 --- [Harmony Tune Backend] [    Test worker] c.h.b.HarmonyTuneBackendApplicationTests : Starting HarmonyTuneBackendApplicationTests using Java 17.0.14 with PID 15884 (started by ryotoneagwa in /Users/ryotoneagwa/Desktop/Github/HarmonyTuneBackend)
2025-02-07T16:32:37.099+09:00  INFO 15884 --- [Harmony Tune Backend] [    Test worker] c.h.b.HarmonyTuneBackendApplicationTests : No active profile set, falling back to 1 default profile: "default"
2025-02-07T16:32:37.853+09:00  INFO 15884 --- [Harmony Tune Backend] [    Test worker] o.s.b.a.e.web.EndpointLinksResolver      : Exposing 1 endpoint beneath base path '/actuator'
2025-02-07T16:32:37.875+09:00  INFO 15884 --- [Harmony Tune Backend] [    Test worker] c.h.b.HarmonyTuneBackendApplicationTests : Started HarmonyTuneBackendApplicationTests in 0.854 seconds (process running for 1.246)
]]></system-out>
  <system-err><![CDATA[]]></system-err>
</testsuite>
